Arguments: 
  C:\Program Files\nodejs\node.exe C:\Users\子贤\AppData\Roaming\npm\node_modules\yarn\bin\yarn.js install

PATH: 
  D:\cmder\bin;D:\cmder\vendor\conemu-maximus5\ConEmu\Scripts;D:\cmder\vendor\conemu-maximus5;D:\cmder\vendor\conemu-maximus5\ConEmu;C:\Program Files\Java\jdk1.8.0_101\bin;C:\ProgramData\Oracle\Java\javapath;C:\Program Files (x86)\NVIDIA Corporation\PhysX\Common;C:\Program Files (x86)\Intel\iCLS Client\;C:\Program Files\Intel\iCLS Client\;C:\Windows\system32;C:\Windows;C:\Windows\System32\Wbem;C:\Windows\System32\WindowsPowerShell\v1.0\;C:\Program Files (x86)\Windows Live\Shared;C:\Program Files (x86)\Intel\OpenCL SDK\3.0\bin\x86;C:\Program Files (x86)\Intel\OpenCL SDK\3.0\bin\x64;C:\Program Files\Intel\Intel(R) Management Engine Components\DAL;C:\Program Files\Intel\Intel(R) Management Engine Components\IPT;C:\Program Files (x86)\Intel\Intel(R) Management Engine Components\DAL;C:\Program Files (x86)\Intel\Intel(R) Management Engine Components\IPT;C:\Program Files\MySQL\MySQL Server 5.1\bin;C:\Program Files\Git\cmd;C:\Program Files\Python35;C:\Program Files\MongoDB\Server\3.4\bin;C:\Program Files (x86)\GraphicsMagick-1.3.25-Q16;D:\cmder;D:\AndroidStudy2017121\android-ndk-r10e;D:\AndroidStudy2017121\AndroidSDK;D:\TortoiseSVN\bin;C:\Program Files\Python35\Scripts;C:\Program Files\Redis\;D:\H5Study2017122\Microsoft VS Code\bin;C:\Program Files\nodejs\;D:\AndroidStudy2017121\AndroidSDK\platform-tools; D:\AndroidStudy2017121\AndroidSDK\tools;D:\H5Study2017122\Microsoft VS Code\bin;C:\Users\子贤\AppData\Local\Programs\Fiddler;C:\Program Files\Python35\Scripts;C:\Users\子贤\AppData\Roaming\npm;D:\H5Study2017122\Egret Wing 3\bin;C:\Program Files\Git\usr\bin;C:\Program Files\Git\usr\share\vim\vim74;D:\cmder\

Yarn version: 
  0.27.5

Node version: 
  8.11.3

Platform: 
  win32 x64

npm manifest: 
  {
    "name": "web2-club",
    "version": "1.0.0",
    "description": "",
    "author": "zzx",
    "private": true,
    "scripts": {
      "dev": "nuxt",
      "build": "nuxt build",
      "start": "nuxt start",
      "generate": "nuxt generate",
      "lint": "eslint --ext .js,.vue --ignore-path .gitignore .",
      "precommit": "npm run lint"
    },
    "dependencies": {
      "nuxt": "^1.0.0"
    },
    "devDependencies": {
      "babel-eslint": "^8.2.1",
      "eslint": "^4.15.0",
      "eslint-friendly-formatter": "^3.0.0",
      "eslint-loader": "^1.7.1",
      "eslint-plugin-vue": "^4.0.0"
    }
  }

yarn manifest: 
  No manifest

Lockfile: 
  No lockfile

Trace: 
  Error: connect ETIMEDOUT 114.55.80.225:443
      at Object._errnoException (util.js:992:11)
      at _exceptionWithHostPort (util.js:1014:20)
      at TCPConnectWrap.afterConnect [as oncomplete] (net.js:1186:14)
